0 info it worked if it ends with ok
1 verbose cli [ 'C:\\Program Files\\nodejs\\node.exe',
1 verbose cli   'C:\\Program Files\\nodejs\\node_modules\\npm\\bin\\npm-cli.js',
1 verbose cli   'pack' ]
2 info using npm@2.14.4
3 info using node@v4.1.2
4 silly cache add args [ '.', null ]
5 verbose cache add spec .
6 silly cache add parsed spec Result {
6 silly cache add   raw: '.',
6 silly cache add   scope: null,
6 silly cache add   name: null,
6 silly cache add   rawSpec: '.',
6 silly cache add   spec: 'C:\\Git\\private\\presentation-bdd',
6 silly cache add   type: 'directory' }
7 error addLocal Could not install C:\Git\private\presentation-bdd
8 verbose stack Error: No version provided in package.json
8 verbose stack     at C:\Program Files\nodejs\node_modules\npm\lib\cache\add-local.js:70:17
8 verbose stack     at C:\Program Files\nodejs\node_modules\npm\node_modules\read-package-json\read-json.js:345:5
8 verbose stack     at checkBinReferences_ (C:\Program Files\nodejs\node_modules\npm\node_modules\read-package-json\read-json.js:309:45)
8 verbose stack     at final (C:\Program Files\nodejs\node_modules\npm\node_modules\read-package-json\read-json.js:343:3)
8 verbose stack     at then (C:\Program Files\nodejs\node_modules\npm\node_modules\read-package-json\read-json.js:113:5)
8 verbose stack     at C:\Program Files\nodejs\node_modules\npm\node_modules\read-package-json\read-json.js:300:12
8 verbose stack     at C:\Program Files\nodejs\node_modules\npm\node_modules\graceful-fs\graceful-fs.js:76:16
8 verbose stack     at FSReqWrap.readFileAfterClose [as oncomplete] (fs.js:380:3)
9 verbose cwd C:\Git\private\presentation-bdd
10 error Windows_NT 10.0.10240
11 error argv "C:\\Program Files\\nodejs\\node.exe" "C:\\Program Files\\nodejs\\node_modules\\npm\\bin\\npm-cli.js" "pack"
12 error node v4.1.2
13 error npm  v2.14.4
14 error No version provided in package.json
15 error If you need help, you may report this error at:
15 error     <https://github.com/npm/npm/issues>
16 verbose exit [ 1, true ]
